<?xml version="1.0" encoding="UTF-8"?>
<testng-results skipped="0" failed="0" total="1" passed="1">
  <reporter-output>
    <line>
      <![CDATA[Printed Chiffon Dress Selected]]>
    </line>
    <line>
      <![CDATA[Item Added to Cart1]]>
    </line>
    <line>
      <![CDATA[$18.40]]>
    </line>
    <line>
      <![CDATA[Address page verify and proceed successful]]>
    </line>
    <line>
      <![CDATA[Shipping Address page verify and proceed successful]]>
    </line>
  </reporter-output>
  <suite name="Default suite" duration-ms="45659" started-at="2016-08-25T09:29:26Z" finished-at="2016-08-25T09:30:11Z">
    <groups>
    </groups>
    <test name="Default test" duration-ms="45659" started-at="2016-08-25T09:29:26Z" finished-at="2016-08-25T09:30:11Z">
      <class name="testCase.FullFlowModule">
        <test-method status="PASS" signature="SetUp()[pri:0, instance:testCase.FullFlowModule@73700b80]" name="SetUp" is-config="true" duration-ms="23465" started-at="2016-08-25T14:59:26Z" finished-at="2016-08-25T14:59:49Z">
          <reporter-output>
          </reporter-output>
        </test-method> <!-- SetUp -->
        <test-method status="PASS" signature="selectDress()[pri:0, instance:testCase.FullFlowModule@73700b80]" name="selectDress" duration-ms="22183" started-at="2016-08-25T14:59:49Z" finished-at="2016-08-25T15:00:11Z">
          <reporter-output>
            <line>
              <![CDATA[Printed Chiffon Dress Selected]]>
            </line>
            <line>
              <![CDATA[Item Added to Cart1]]>
            </line>
            <line>
              <![CDATA[$18.40]]>
            </line>
            <line>
              <![CDATA[Address page verify and proceed successful]]>
            </line>
            <line>
              <![CDATA[Shipping Address page verify and proceed successful]]>
            </line>
          </reporter-output>
        </test-method> <!-- selectDress -->
      </class> <!-- testCase.FullFlowModule -->
    </test> <!-- Default test -->
  </suite> <!-- Default suite -->
</testng-results>
